<?xml version="1.0" encoding="UTF-8"?>
<testng-results ignored="0" total="3" passed="3" failed="0" skipped="0">
  <reporter-output>
  </reporter-output>
  <suite started-at="2021-12-23T18:49:39 IST" name="Default suite" finished-at="2021-12-23T18:50:01 IST" duration-ms="22168">
    <groups>
    </groups>
    <test started-at="2021-12-23T18:49:39 IST" name="Default test" finished-at="2021-12-23T18:50:01 IST" duration-ms="22168">
      <class name="root.Homepage">
        <test-method is-config="true" signature="initialize()[pri:0, instance:root.Homepage@2a79d4b1]" started-at="2021-12-23T18:49:39 IST" name="initialize" finished-at="2021-12-23T18:49:54 IST" duration-ms="14726" status="PASS">
          <reporter-output>
          </reporter-output>
        </test-method> <!-- initialize -->
        <test-method signature="testcase1()[pri:0, instance:root.Homepage@2a79d4b1]" started-at="2021-12-23T18:49:54 IST" name="testcase1" finished-at="2021-12-23T18:49:57 IST" duration-ms="3013" status="PASS">
          <reporter-output>
          </reporter-output>
        </test-method> <!-- testcase1 -->
        <test-method signature="testcase2()[pri:0, instance:root.Homepage@2a79d4b1]" started-at="2021-12-23T18:49:57 IST" name="testcase2" finished-at="2021-12-23T18:49:59 IST" duration-ms="2274" status="PASS">
          <reporter-output>
          </reporter-output>
        </test-method> <!-- testcase2 -->
        <test-method signature="testcase3()[pri:0, instance:root.Homepage@2a79d4b1]" started-at="2021-12-23T18:49:59 IST" name="testcase3" finished-at="2021-12-23T18:50:01 IST" duration-ms="1818" status="PASS">
          <reporter-output>
          </reporter-output>
        </test-method> <!-- testcase3 -->
        <test-method is-config="true" signature="teardown()[pri:0, instance:root.Homepage@2a79d4b1]" started-at="2021-12-23T18:50:01 IST" name="teardown" finished-at="2021-12-23T18:50:01 IST" duration-ms="264" status="PASS">
          <reporter-output>
          </reporter-output>
        </test-method> <!-- teardown -->
      </class> <!-- root.Homepage -->
    </test> <!-- Default test -->
  </suite> <!-- Default suite -->
</testng-results>
